Not find result folder in: null
Not find result folder in: hog-graphs-ge20-le50.g6.gz
hog-graphs-ge	hog-graphs-ge20-le50-28	49	Hull Number Cplex	3	4446.852

hog-graphs-ge	hog-graphs-ge20-le50-28	49	Hull Number Cplex	3	4446.852

hog-graphs-ge	hog-graphs-ge20-le50-29	27	Hull Number Cplex	2	25.895

hog-graphs-ge	hog-graphs-ge20-le50-29	27	Hull Number Cplex	2	25.895

hog-graphs-ge	hog-graphs-ge20-le50-30	27	Hull Number Cplex	2	1.151

hog-graphs-ge	hog-graphs-ge20-le50-30	27	Hull Number Cplex	2	1.151

hog-graphs-ge	hog-graphs-ge20-le50-31	27	Hull Number Cplex	2	1.393

hog-graphs-ge	hog-graphs-ge20-le50-31	27	Hull Number Cplex	2	1.393

hog-graphs-ge	hog-graphs-ge20-le50-32	27	Hull Number Cplex	2	1.983

hog-graphs-ge	hog-graphs-ge20-le50-32	27	Hull Number Cplex	2	1.983

hog-graphs-ge	hog-graphs-ge20-le50-33	27	Hull Number Cplex	2	14.721

hog-graphs-ge	hog-graphs-ge20-le50-33	27	Hull Number Cplex	2	14.721

hog-graphs-ge	hog-graphs-ge20-le50-34	27	Hull Number Cplex	2	23.63

hog-graphs-ge	hog-graphs-ge20-le50-34	27	Hull Number Cplex	2	23.63

hog-graphs-ge	hog-graphs-ge20-le50-35	28	Hull Number Cplex	8	2249.22

hog-graphs-ge	hog-graphs-ge20-le50-35	28	Hull Number Cplex	8	2249.22

hog-graphs-ge	hog-graphs-ge20-le50-36	24	Hull Number Cplex	7	23.534

hog-graphs-ge	hog-graphs-ge20-le50-36	24	Hull Number Cplex	7	23.534

Not find result folder in: null
Not find result folder in: null
Not find result folder in: hog-graphs-ge20-le50-ordered.g6.gz
hog-graphs-ge	hog-graphs-ge20-le50-ordered-0	20	Hull Number Cplex	6	6.584

hog-graphs-ge	hog-graphs-ge20-le50-ordered-0	20	Hull Number Cplex	6	6.584

hog-graphs-ge	hog-graphs-ge20-le50-ordered-1	20	Hull Number Cplex	6	4.655

hog-graphs-ge	hog-graphs-ge20-le50-ordered-1	20	Hull Number Cplex	6	4.655

hog-graphs-ge	hog-graphs-ge20-le50-ordered-2	20	Hull Number Cplex	10	0.055

hog-graphs-ge	hog-graphs-ge20-le50-ordered-2	20	Hull Number Cplex	10	0.055

hog-graphs-ge	hog-graphs-ge20-le50-ordered-3	20	Hull Number Cplex	6	3.799

hog-graphs-ge	hog-graphs-ge20-le50-ordered-3	20	Hull Number Cplex	6	3.799

hog-graphs-ge	hog-graphs-ge20-le50-ordered-4	20	Hull Number Cplex	3	0.763

hog-graphs-ge	hog-graphs-ge20-le50-ordered-4	20	Hull Number Cplex	3	0.763

hog-graphs-ge	hog-graphs-ge20-le50-ordered-5	20	Hull Number Cplex	6	2.47

hog-graphs-ge	hog-graphs-ge20-le50-ordered-5	20	Hull Number Cplex	6	2.47

